2015-11-12 23:33:11,404 ERROR [main] o.l.g.c.GeogigCLI [GeogigCLI.java:408] An unhandled error occurred: HEAD has no commits yet, branch cannot be created.. See the log for more details.
java.lang.IllegalArgumentException: HEAD has no commits yet, branch cannot be created.
	at com.google.common.base.Preconditions.checkArgument(Preconditions.java:125) ~[guava-17.0.jar:na]
	at org.locationtech.geogig.api.porcelain.BranchCreateOp.resolveOriginCommitId(BranchCreateOp.java:120) ~[geogig-core-1.0-beta1.jar:1.0-beta1]
	at org.locationtech.geogig.api.porcelain.BranchCreateOp._call(BranchCreateOp.java:103) ~[geogig-core-1.0-beta1.jar:1.0-beta1]
	at org.locationtech.geogig.api.porcelain.BranchCreateOp._call(BranchCreateOp.java:31) ~[geogig-core-1.0-beta1.jar:1.0-beta1]
	at org.locationtech.geogig.api.AbstractGeoGigOp.call(AbstractGeoGigOp.java:125) ~[geogig-core-1.0-beta1.jar:1.0-beta1]
	at org.locationtech.geogig.cli.porcelain.Branch.runInternal(Branch.java:165) ~[geogig-cli-1.0-beta1.jar:1.0-beta1]
	at org.locationtech.geogig.cli.AbstractCommand.run(AbstractCommand.java:60) ~[geogig-cli-1.0-beta1.jar:1.0-beta1]
	at org.locationtech.geogig.cli.GeogigCLI.executeInternal(GeogigCLI.java:521) [geogig-cli-1.0-beta1.jar:1.0-beta1]
	at org.locationtech.geogig.cli.GeogigCLI.execute(GeogigCLI.java:379) [geogig-cli-1.0-beta1.jar:1.0-beta1]
	at org.locationtech.geogig.cli.GeogigCLI.main(GeogigCLI.java:324) [geogig-cli-1.0-beta1.jar:1.0-beta1]
2015-11-12 23:43:22,623 ERROR [main] o.l.g.c.GeogigCLI [GeogigCLI.java:408] An unhandled error occurred: Service  [RUNNING] has already been started. See the log for more details.
java.lang.IllegalStateException: Service  [RUNNING] has already been started
	at com.google.common.util.concurrent.AbstractService.startAsync(AbstractService.java:183) ~[guava-17.0.jar:na]
	at com.google.common.util.concurrent.AbstractScheduledService.startAsync(AbstractScheduledService.java:346) ~[guava-17.0.jar:na]
	at org.locationtech.geogig.metrics.RepositoryDecorator$1.opened(RepositoryDecorator.java:36) ~[geogig-metrics-1.0-beta1.jar:1.0-beta1]
	at org.locationtech.geogig.repository.Repository.open(Repository.java:112) ~[geogig-core-1.0-beta1.jar:1.0-beta1]
	at org.locationtech.geogig.api.porcelain.InitOp.callInternal(InitOp.java:227) ~[geogig-core-1.0-beta1.jar:1.0-beta1]
	at org.locationtech.geogig.api.porcelain.InitOp._call(InitOp.java:127) ~[geogig-core-1.0-beta1.jar:1.0-beta1]
	at org.locationtech.geogig.api.porcelain.InitOp._call(InitOp.java:64) ~[geogig-core-1.0-beta1.jar:1.0-beta1]
	at org.locationtech.geogig.api.AbstractGeoGigOp.call(AbstractGeoGigOp.java:125) ~[geogig-core-1.0-beta1.jar:1.0-beta1]
	at org.locationtech.geogig.cli.porcelain.Init.runInternal(Init.java:87) ~[geogig-cli-1.0-beta1.jar:1.0-beta1]
	at org.locationtech.geogig.cli.AbstractCommand.run(AbstractCommand.java:60) ~[geogig-cli-1.0-beta1.jar:1.0-beta1]
	at org.locationtech.geogig.cli.GeogigCLI.executeInternal(GeogigCLI.java:521) [geogig-cli-1.0-beta1.jar:1.0-beta1]
	at org.locationtech.geogig.cli.GeogigCLI.execute(GeogigCLI.java:379) [geogig-cli-1.0-beta1.jar:1.0-beta1]
	at org.locationtech.geogig.cli.GeogigCLI.main(GeogigCLI.java:324) [geogig-cli-1.0-beta1.jar:1.0-beta1]
2015-11-13 00:38:48,058 ERROR [main] o.l.g.c.GeogigCLI [GeogigCLI.java:408] An unhandled error occurred: Service  [RUNNING] has already been started. See the log for more details.
java.lang.IllegalStateException: Service  [RUNNING] has already been started
	at com.google.common.util.concurrent.AbstractService.startAsync(AbstractService.java:183) ~[guava-17.0.jar:na]
	at com.google.common.util.concurrent.AbstractScheduledService.startAsync(AbstractScheduledService.java:346) ~[guava-17.0.jar:na]
	at org.locationtech.geogig.metrics.RepositoryDecorator$1.opened(RepositoryDecorator.java:36) ~[geogig-metrics-1.0-beta1.jar:1.0-beta1]
	at org.locationtech.geogig.repository.Repository.open(Repository.java:112) ~[geogig-core-1.0-beta1.jar:1.0-beta1]
	at org.locationtech.geogig.api.porcelain.InitOp.callInternal(InitOp.java:227) ~[geogig-core-1.0-beta1.jar:1.0-beta1]
	at org.locationtech.geogig.api.porcelain.InitOp._call(InitOp.java:127) ~[geogig-core-1.0-beta1.jar:1.0-beta1]
	at org.locationtech.geogig.api.porcelain.InitOp._call(InitOp.java:64) ~[geogig-core-1.0-beta1.jar:1.0-beta1]
	at org.locationtech.geogig.api.AbstractGeoGigOp.call(AbstractGeoGigOp.java:125) ~[geogig-core-1.0-beta1.jar:1.0-beta1]
	at org.locationtech.geogig.cli.porcelain.Init.runInternal(Init.java:87) ~[geogig-cli-1.0-beta1.jar:1.0-beta1]
	at org.locationtech.geogig.cli.AbstractCommand.run(AbstractCommand.java:60) ~[geogig-cli-1.0-beta1.jar:1.0-beta1]
	at org.locationtech.geogig.cli.GeogigCLI.executeInternal(GeogigCLI.java:521) [geogig-cli-1.0-beta1.jar:1.0-beta1]
	at org.locationtech.geogig.cli.GeogigCLI.execute(GeogigCLI.java:379) [geogig-cli-1.0-beta1.jar:1.0-beta1]
	at org.locationtech.geogig.cli.GeogigCLI.main(GeogigCLI.java:324) [geogig-cli-1.0-beta1.jar:1.0-beta1]
2015-11-13 01:48:42,600 ERROR [main] o.l.g.c.GeogigCLI [GeogigCLI.java:408] An unhandled error occurred: Service  [RUNNING] has already been started. See the log for more details.
java.lang.IllegalStateException: Service  [RUNNING] has already been started
	at com.google.common.util.concurrent.AbstractService.startAsync(AbstractService.java:183) ~[guava-17.0.jar:na]
	at com.google.common.util.concurrent.AbstractScheduledService.startAsync(AbstractScheduledService.java:346) ~[guava-17.0.jar:na]
	at org.locationtech.geogig.metrics.RepositoryDecorator$1.opened(RepositoryDecorator.java:36) ~[geogig-metrics-1.0-beta1.jar:1.0-beta1]
	at org.locationtech.geogig.repository.Repository.open(Repository.java:112) ~[geogig-core-1.0-beta1.jar:1.0-beta1]
	at org.locationtech.geogig.api.porcelain.InitOp.callInternal(InitOp.java:227) ~[geogig-core-1.0-beta1.jar:1.0-beta1]
	at org.locationtech.geogig.api.porcelain.InitOp._call(InitOp.java:127) ~[geogig-core-1.0-beta1.jar:1.0-beta1]
	at org.locationtech.geogig.api.porcelain.InitOp._call(InitOp.java:64) ~[geogig-core-1.0-beta1.jar:1.0-beta1]
	at org.locationtech.geogig.api.AbstractGeoGigOp.call(AbstractGeoGigOp.java:125) ~[geogig-core-1.0-beta1.jar:1.0-beta1]
	at org.locationtech.geogig.cli.porcelain.Init.runInternal(Init.java:87) ~[geogig-cli-1.0-beta1.jar:1.0-beta1]
	at org.locationtech.geogig.cli.AbstractCommand.run(AbstractCommand.java:60) ~[geogig-cli-1.0-beta1.jar:1.0-beta1]
	at org.locationtech.geogig.cli.GeogigCLI.executeInternal(GeogigCLI.java:521) [geogig-cli-1.0-beta1.jar:1.0-beta1]
	at org.locationtech.geogig.cli.GeogigCLI.execute(GeogigCLI.java:379) [geogig-cli-1.0-beta1.jar:1.0-beta1]
	at org.locationtech.geogig.cli.GeogigCLI.main(GeogigCLI.java:324) [geogig-cli-1.0-beta1.jar:1.0-beta1]
2015-11-13 01:51:09,900 ERROR [main] o.l.g.c.GeogigCLI [GeogigCLI.java:399] null
org.locationtech.geogig.api.porcelain.NothingToCommitException: Nothing to commit after 0000000000000000000000000000000000000000
	at org.locationtech.geogig.api.porcelain.CommitOp._call(CommitOp.java:315) ~[geogig-core-1.0-beta1.jar:1.0-beta1]
	at org.locationtech.geogig.api.porcelain.CommitOp._call(CommitOp.java:52) ~[geogig-core-1.0-beta1.jar:1.0-beta1]
	at org.locationtech.geogig.api.AbstractGeoGigOp.call(AbstractGeoGigOp.java:125) ~[geogig-core-1.0-beta1.jar:1.0-beta1]
	at org.locationtech.geogig.cli.porcelain.Commit.runInternal(Commit.java:110) ~[geogig-cli-1.0-beta1.jar:1.0-beta1]
	at org.locationtech.geogig.cli.AbstractCommand.run(AbstractCommand.java:60) ~[geogig-cli-1.0-beta1.jar:1.0-beta1]
	at org.locationtech.geogig.cli.GeogigCLI.executeInternal(GeogigCLI.java:521) [geogig-cli-1.0-beta1.jar:1.0-beta1]
	at org.locationtech.geogig.cli.GeogigCLI.execute(GeogigCLI.java:379) [geogig-cli-1.0-beta1.jar:1.0-beta1]
	at org.locationtech.geogig.cli.GeogigCLI.main(GeogigCLI.java:324) [geogig-cli-1.0-beta1.jar:1.0-beta1]
