2016-04-09 09:23:17,164 ERROR [main] o.l.g.c.GeogigCLI [GeogigCLI.java:408] An unhandled error occurred: origin/PlanProjet did not resolve to a tree. See the log for more details.
java.lang.IllegalArgumentException: origin/PlanProjet did not resolve to a tree
	at com.google.common.base.Preconditions.checkArgument(Preconditions.java:125) ~[guava-17.0.jar:na]
	at org.locationtech.geogig.api.plumbing.DiffTree.resolveTree(DiffTree.java:242) ~[geogig-core-1.0-beta1.jar:1.0-beta1]
	at org.locationtech.geogig.api.plumbing.DiffTree._call(DiffTree.java:160) ~[geogig-core-1.0-beta1.jar:1.0-beta1]
	at org.locationtech.geogig.api.plumbing.DiffTree._call(DiffTree.java:50) ~[geogig-core-1.0-beta1.jar:1.0-beta1]
	at org.locationtech.geogig.api.AbstractGeoGigOp.call(AbstractGeoGigOp.java:125) ~[geogig-core-1.0-beta1.jar:1.0-beta1]
	at org.locationtech.geogig.api.porcelain.DiffOp._call(DiffOp.java:145) ~[geogig-core-1.0-beta1.jar:1.0-beta1]
	at org.locationtech.geogig.api.porcelain.DiffOp._call(DiffOp.java:48) ~[geogig-core-1.0-beta1.jar:1.0-beta1]
	at org.locationtech.geogig.api.AbstractGeoGigOp.call(AbstractGeoGigOp.java:125) ~[geogig-core-1.0-beta1.jar:1.0-beta1]
	at org.locationtech.geogig.cli.porcelain.Diff.runInternal(Diff.java:138) ~[geogig-cli-1.0-beta1.jar:1.0-beta1]
	at org.locationtech.geogig.cli.AbstractCommand.run(AbstractCommand.java:60) ~[geogig-cli-1.0-beta1.jar:1.0-beta1]
	at org.locationtech.geogig.cli.GeogigCLI.executeInternal(GeogigCLI.java:521) [geogig-cli-1.0-beta1.jar:1.0-beta1]
	at org.locationtech.geogig.cli.GeogigCLI.execute(GeogigCLI.java:379) [geogig-cli-1.0-beta1.jar:1.0-beta1]
	at org.locationtech.geogig.cli.GeogigCLI.main(GeogigCLI.java:324) [geogig-cli-1.0-beta1.jar:1.0-beta1]
2016-04-09 09:23:22,348 ERROR [main] o.l.g.c.GeogigCLI [GeogigCLI.java:408] An unhandled error occurred: origin/PlanExecution did not resolve to a tree. See the log for more details.
java.lang.IllegalArgumentException: origin/PlanExecution did not resolve to a tree
	at com.google.common.base.Preconditions.checkArgument(Preconditions.java:125) ~[guava-17.0.jar:na]
	at org.locationtech.geogig.api.plumbing.DiffTree.resolveTree(DiffTree.java:242) ~[geogig-core-1.0-beta1.jar:1.0-beta1]
	at org.locationtech.geogig.api.plumbing.DiffTree._call(DiffTree.java:160) ~[geogig-core-1.0-beta1.jar:1.0-beta1]
	at org.locationtech.geogig.api.plumbing.DiffTree._call(DiffTree.java:50) ~[geogig-core-1.0-beta1.jar:1.0-beta1]
	at org.locationtech.geogig.api.AbstractGeoGigOp.call(AbstractGeoGigOp.java:125) ~[geogig-core-1.0-beta1.jar:1.0-beta1]
	at org.locationtech.geogig.api.porcelain.DiffOp._call(DiffOp.java:145) ~[geogig-core-1.0-beta1.jar:1.0-beta1]
	at org.locationtech.geogig.api.porcelain.DiffOp._call(DiffOp.java:48) ~[geogig-core-1.0-beta1.jar:1.0-beta1]
	at org.locationtech.geogig.api.AbstractGeoGigOp.call(AbstractGeoGigOp.java:125) ~[geogig-core-1.0-beta1.jar:1.0-beta1]
	at org.locationtech.geogig.cli.porcelain.Diff.runInternal(Diff.java:138) ~[geogig-cli-1.0-beta1.jar:1.0-beta1]
	at org.locationtech.geogig.cli.AbstractCommand.run(AbstractCommand.java:60) ~[geogig-cli-1.0-beta1.jar:1.0-beta1]
	at org.locationtech.geogig.cli.GeogigCLI.executeInternal(GeogigCLI.java:521) [geogig-cli-1.0-beta1.jar:1.0-beta1]
	at org.locationtech.geogig.cli.GeogigCLI.execute(GeogigCLI.java:379) [geogig-cli-1.0-beta1.jar:1.0-beta1]
	at org.locationtech.geogig.cli.GeogigCLI.main(GeogigCLI.java:324) [geogig-cli-1.0-beta1.jar:1.0-beta1]
2016-04-09 09:23:27,568 ERROR [main] o.l.g.c.GeogigCLI [GeogigCLI.java:408] An unhandled error occurred: origin/PlanTopoNonControle did not resolve to a tree. See the log for more details.
java.lang.IllegalArgumentException: origin/PlanTopoNonControle did not resolve to a tree
	at com.google.common.base.Preconditions.checkArgument(Preconditions.java:125) ~[guava-17.0.jar:na]
	at org.locationtech.geogig.api.plumbing.DiffTree.resolveTree(DiffTree.java:242) ~[geogig-core-1.0-beta1.jar:1.0-beta1]
	at org.locationtech.geogig.api.plumbing.DiffTree._call(DiffTree.java:160) ~[geogig-core-1.0-beta1.jar:1.0-beta1]
	at org.locationtech.geogig.api.plumbing.DiffTree._call(DiffTree.java:50) ~[geogig-core-1.0-beta1.jar:1.0-beta1]
	at org.locationtech.geogig.api.AbstractGeoGigOp.call(AbstractGeoGigOp.java:125) ~[geogig-core-1.0-beta1.jar:1.0-beta1]
	at org.locationtech.geogig.api.porcelain.DiffOp._call(DiffOp.java:145) ~[geogig-core-1.0-beta1.jar:1.0-beta1]
	at org.locationtech.geogig.api.porcelain.DiffOp._call(DiffOp.java:48) ~[geogig-core-1.0-beta1.jar:1.0-beta1]
	at org.locationtech.geogig.api.AbstractGeoGigOp.call(AbstractGeoGigOp.java:125) ~[geogig-core-1.0-beta1.jar:1.0-beta1]
	at org.locationtech.geogig.cli.porcelain.Diff.runInternal(Diff.java:138) ~[geogig-cli-1.0-beta1.jar:1.0-beta1]
	at org.locationtech.geogig.cli.AbstractCommand.run(AbstractCommand.java:60) ~[geogig-cli-1.0-beta1.jar:1.0-beta1]
	at org.locationtech.geogig.cli.GeogigCLI.executeInternal(GeogigCLI.java:521) [geogig-cli-1.0-beta1.jar:1.0-beta1]
	at org.locationtech.geogig.cli.GeogigCLI.execute(GeogigCLI.java:379) [geogig-cli-1.0-beta1.jar:1.0-beta1]
	at org.locationtech.geogig.cli.GeogigCLI.main(GeogigCLI.java:324) [geogig-cli-1.0-beta1.jar:1.0-beta1]
2016-04-09 09:23:32,752 ERROR [main] o.l.g.c.GeogigCLI [GeogigCLI.java:408] An unhandled error occurred: origin/Controle did not resolve to a tree. See the log for more details.
java.lang.IllegalArgumentException: origin/Controle did not resolve to a tree
	at com.google.common.base.Preconditions.checkArgument(Preconditions.java:125) ~[guava-17.0.jar:na]
	at org.locationtech.geogig.api.plumbing.DiffTree.resolveTree(DiffTree.java:242) ~[geogig-core-1.0-beta1.jar:1.0-beta1]
	at org.locationtech.geogig.api.plumbing.DiffTree._call(DiffTree.java:160) ~[geogig-core-1.0-beta1.jar:1.0-beta1]
	at org.locationtech.geogig.api.plumbing.DiffTree._call(DiffTree.java:50) ~[geogig-core-1.0-beta1.jar:1.0-beta1]
	at org.locationtech.geogig.api.AbstractGeoGigOp.call(AbstractGeoGigOp.java:125) ~[geogig-core-1.0-beta1.jar:1.0-beta1]
	at org.locationtech.geogig.api.porcelain.DiffOp._call(DiffOp.java:145) ~[geogig-core-1.0-beta1.jar:1.0-beta1]
	at org.locationtech.geogig.api.porcelain.DiffOp._call(DiffOp.java:48) ~[geogig-core-1.0-beta1.jar:1.0-beta1]
	at org.locationtech.geogig.api.AbstractGeoGigOp.call(AbstractGeoGigOp.java:125) ~[geogig-core-1.0-beta1.jar:1.0-beta1]
	at org.locationtech.geogig.cli.porcelain.Diff.runInternal(Diff.java:138) ~[geogig-cli-1.0-beta1.jar:1.0-beta1]
	at org.locationtech.geogig.cli.AbstractCommand.run(AbstractCommand.java:60) ~[geogig-cli-1.0-beta1.jar:1.0-beta1]
	at org.locationtech.geogig.cli.GeogigCLI.executeInternal(GeogigCLI.java:521) [geogig-cli-1.0-beta1.jar:1.0-beta1]
	at org.locationtech.geogig.cli.GeogigCLI.execute(GeogigCLI.java:379) [geogig-cli-1.0-beta1.jar:1.0-beta1]
	at org.locationtech.geogig.cli.GeogigCLI.main(GeogigCLI.java:324) [geogig-cli-1.0-beta1.jar:1.0-beta1]
2016-04-09 09:23:37,901 ERROR [main] o.l.g.c.GeogigCLI [GeogigCLI.java:408] An unhandled error occurred: origin/PlanTopoControle did not resolve to a tree. See the log for more details.
java.lang.IllegalArgumentException: origin/PlanTopoControle did not resolve to a tree
	at com.google.common.base.Preconditions.checkArgument(Preconditions.java:125) ~[guava-17.0.jar:na]
	at org.locationtech.geogig.api.plumbing.DiffTree.resolveTree(DiffTree.java:242) ~[geogig-core-1.0-beta1.jar:1.0-beta1]
	at org.locationtech.geogig.api.plumbing.DiffTree._call(DiffTree.java:160) ~[geogig-core-1.0-beta1.jar:1.0-beta1]
	at org.locationtech.geogig.api.plumbing.DiffTree._call(DiffTree.java:50) ~[geogig-core-1.0-beta1.jar:1.0-beta1]
	at org.locationtech.geogig.api.AbstractGeoGigOp.call(AbstractGeoGigOp.java:125) ~[geogig-core-1.0-beta1.jar:1.0-beta1]
	at org.locationtech.geogig.api.porcelain.DiffOp._call(DiffOp.java:145) ~[geogig-core-1.0-beta1.jar:1.0-beta1]
	at org.locationtech.geogig.api.porcelain.DiffOp._call(DiffOp.java:48) ~[geogig-core-1.0-beta1.jar:1.0-beta1]
	at org.locationtech.geogig.api.AbstractGeoGigOp.call(AbstractGeoGigOp.java:125) ~[geogig-core-1.0-beta1.jar:1.0-beta1]
	at org.locationtech.geogig.cli.porcelain.Diff.runInternal(Diff.java:138) ~[geogig-cli-1.0-beta1.jar:1.0-beta1]
	at org.locationtech.geogig.cli.AbstractCommand.run(AbstractCommand.java:60) ~[geogig-cli-1.0-beta1.jar:1.0-beta1]
	at org.locationtech.geogig.cli.GeogigCLI.executeInternal(GeogigCLI.java:521) [geogig-cli-1.0-beta1.jar:1.0-beta1]
	at org.locationtech.geogig.cli.GeogigCLI.execute(GeogigCLI.java:379) [geogig-cli-1.0-beta1.jar:1.0-beta1]
	at org.locationtech.geogig.cli.GeogigCLI.main(GeogigCLI.java:324) [geogig-cli-1.0-beta1.jar:1.0-beta1]
